<?xml version="1.0" encoding="UTF-8"?>
<testsuite name="model.element.mobile.SkullTest" time="0.001" tests="5" errors="0" skipped="0" failures="0">
  <properties>
[...]
</properties>
  <testcase name="testMoveDown" classname="model.element.mobile.SkullTest" time="0"/>
  <testcase name="testMoveLeft" classname="model.element.mobile.SkullTest" time="0"/>
  <testcase name="testMoveUp" classname="model.element.mobile.SkullTest" time="0.001"/>
  <testcase name="testMoveRight" classname="model.element.mobile.SkullTest" time="0"/>
  <testcase name="testLoadImages" classname="model.element.mobile.SkullTest" time="0"/>
</testsuite>